[ RUN      ] ParallelBufferPoolManagerTest.RoundRobinNewPage
/autograder/bustub/test/buffer/grading_parallel_buffer_pool_manager_test.cpp:1005: Failure
Expected equality of these values:
  i
    Which is: 1
  page_id_temp
    Which is: 0
/autograder/bustub/test/buffer/grading_parallel_buffer_pool_manager_test.cpp:1005: Failure
Expected equality of these values:
  i
    Which is: 2
  page_id_temp
    Which is: 0
/autograder/bustub/test/buffer/grading_parallel_buffer_pool_manager_test.cpp:1005: Failure
Expected equality of these values:
  i
    Which is: 3
  page_id_temp
    Which is: 0
/autograder/bustub/test/buffer/grading_parallel_buffer_pool_manager_test.cpp:1005: Failure
Expected equality of these values:
  i
    Which is: 4
  page_id_temp
    Which is: 0
/autograder/bustub/test/buffer/grading_parallel_buffer_pool_manager_test.cpp:1005: Failure
Expected equality of these values:
  i
    Which is: 5
  page_id_temp
    Which is: 0
/autograder/bustub/test/buffer/grading_parallel_buffer_pool_manager_test.cpp:1005: Failure
Expected equality of these values:
  i
    Which is: 6
  page_id_temp
    Which is: 0
/autograder/bustub/test/buffer/grading_parallel_buffer_pool_manager_test.cpp:1005: Failure
Expected equality of these values:
  i
    Which is: 7
  page_id_temp
    Which is: 0
/autograder/bustub/test/buffer/grading_parallel_buffer_pool_manager_test.cpp:1005: Failure
Expected equality of these values:
  i
    Which is: 8
  page_id_temp
    Which is: 0
/autograder/bustub/test/buffer/grading_parallel_buffer_pool_manager_test.cpp:1005: Failure
Expected equality of these values:
  i
    Which is: 9
  page_id_temp
    Which is: 0
/autograder/bustub/test/buffer/grading_parallel_buffer_pool_manager_test.cpp:1018: Failure
Expected: (nullptr) != (bpm->NewPage(&page_id_temp)), actual: (nullptr) vs NULL
/autograder/bustub/test/buffer/grading_parallel_buffer_pool_manager_test.cpp:1019: Failure
Expected equality of these values:
  unpin_page + num_instances
    Which is: 16
  page_id_temp
    Which is: 0
/autograder/bustub/test/buffer/grading_parallel_buffer_pool_manager_test.cpp:1028: Failure
Expected: (nullptr) != (bpm->NewPage(&page_id_temp)), actual: (nullptr) vs NULL
/autograder/bustub/test/buffer/grading_parallel_buffer_pool_manager_test.cpp:1029: Failure
Expected equality of these values:
  unpin_page + num_instances
    Which is: 17
  page_id_temp
    Which is: 0
/autograder/bustub/test/buffer/grading_parallel_buffer_pool_manager_test.cpp:1041: Failure
Expected: (nullptr) != (bpm->NewPage(&page_id_temp)), actual: (nullptr) vs NULL
/autograder/bustub/test/buffer/grading_parallel_buffer_pool_manager_test.cpp:1042: Failure
Expected equality of these values:
  unpin_page + num_instances
    Which is: 11
  page_id_temp
    Which is: 0
[  FAILED  ] ParallelBufferPoolManagerTest.RoundRobinNewPage (0 ms)
[----------] 15 tests from ParallelBufferPoolManagerTest (1601 ms total)

[----------] Global test environment tear-down
[==========] 15 tests from 1 test suite ran. (1601 ms total)
[  PASSED  ] 14 tests.
[  FAILED  ] 1 test, listed below:
[  FAILED  ] ParallelBufferPoolManagerTest.RoundRobinNewPage

 1 FAILED TEST
test_memory_safety (__main__.TestProject1) (0.0/10.0)
Test Failed: False is not true : Timeout Happened during valgrind